2022-08-31 14:10:20.426  INFO 2993 --- [main] edu.mns.game.GameApplication             : Starting GameApplication using Java 17.0.2 on VMA.local with PID 2993 (/Users/vyphan/Documents/Fil Rouge - MNS Game/22-CDA-JAVA-MNSGAME-/target/classes started by vyphan in /Users/vyphan/Documents/Fil Rouge - MNS Game/22-CDA-JAVA-MNSGAME-)
2022-08-31 14:10:20.441  INFO 2993 --- [main] edu.mns.game.GameApplication             : No active profile set, falling back to 1 default profile: "default"
2022-08-31 14:10:22.274  INFO 2993 --- [main] .s.d.r.c.RepositoryConfigurationDelegate : Bootstrapping Spring Data JPA repositories in DEFAULT mode.
2022-08-31 14:10:22.422  INFO 2993 --- [main] .s.d.r.c.RepositoryConfigurationDelegate : Finished Spring Data repository scanning in 128 ms. Found 8 JPA repository interfaces.
2022-08-31 14:10:23.732  INFO 2993 --- [main] o.s.b.w.embedded.tomcat.TomcatWebServer  : Tomcat initialized with port(s): 8080 (http)
2022-08-31 14:10:23.758  INFO 2993 --- [main] o.apache.catalina.core.StandardService   : Starting service [Tomcat]
2022-08-31 14:10:23.759  INFO 2993 --- [main] org.apache.catalina.core.StandardEngine  : Starting Servlet engine: [Apache Tomcat/9.0.60]
2022-08-31 14:10:24.277  INFO 2993 --- [main] o.a.c.c.C.[Tomcat].[localhost].[/]       : Initializing Spring embedded WebApplicationContext
2022-08-31 14:10:24.278  INFO 2993 --- [main] w.s.c.ServletWebServerApplicationContext : Root WebApplicationContext: initialization completed in 3660 ms
2022-08-31 14:10:24.596  INFO 2993 --- [main] o.hibernate.jpa.internal.util.LogHelper  : HHH000204: Processing PersistenceUnitInfo [name: default]
2022-08-31 14:10:24.726  INFO 2993 --- [main] org.hibernate.Version                    : HHH000412: Hibernate ORM core version 5.6.7.Final
2022-08-31 14:10:25.239  INFO 2993 --- [main] o.hibernate.annotations.common.Version   : HCANN000001: Hibernate Commons Annotations {5.1.2.Final}
2022-08-31 14:10:25.474  INFO 2993 --- [main] com.zaxxer.hikari.HikariDataSource       : HikariPool-1 - Starting...
2022-08-31 14:10:26.036  INFO 2993 --- [main] com.zaxxer.hikari.HikariDataSource       : HikariPool-1 - Start completed.
2022-08-31 14:10:26.070  INFO 2993 --- [main] org.hibernate.dialect.Dialect            : HHH000400: Using dialect: org.hibernate.dialect.MySQL5InnoDBDialect
2022-08-31 14:10:26.818  WARN 2993 --- [main] org.hibernate.mapping.RootClass          : HHH000038: Composite-id class does not override equals(): edu.mns.game.model.KeyPlayerResponses
2022-08-31 14:10:26.819  WARN 2993 --- [main] org.hibernate.mapping.RootClass          : HHH000039: Composite-id class does not override hashCode(): edu.mns.game.model.KeyPlayerResponses
2022-08-31 14:10:29.773  INFO 2993 --- [main] o.h.e.t.j.p.i.JtaPlatformInitiator       : HHH000490: Using JtaPlatform implementation: [org.hibernate.engine.transaction.jta.platform.internal.NoJtaPlatform]
2022-08-31 14:10:29.801  INFO 2993 --- [main] j.LocalContainerEntityManagerFactoryBean : Initialized JPA EntityManagerFactory for persistence unit 'default'
2022-08-31 14:10:31.008  WARN 2993 --- [main] JpaBaseConfiguration$JpaWebConfiguration : spring.jpa.open-in-view is enabled by default. Therefore, database queries may be performed during view rendering. Explicitly configure spring.jpa.open-in-view to disable this warning
2022-08-31 14:10:32.163  INFO 2993 --- [main] o.s.s.web.DefaultSecurityFilterChain     : Will not secure any request
2022-08-31 14:10:32.595  WARN 2993 --- [main] ConfigServletWebServerApplicationContext : Exception encountered during context initialization - cancelling refresh attempt: org.springframework.beans.factory.BeanCreationException: Error creating bean with name 'scriptDataSourceInitializer' defined in class path resource [org/springframework/boot/autoconfigure/jdbc/DataSourceInitializationConfiguration$SharedCredentialsDataSourceInitializationConfiguration.class]: Invocation of init method failed; nested exception is org.springframework.jdbc.datasource.init.ScriptStatementFailedException: Failed to execute SQL script statement #10 of URL [file:/Users/vyphan/Documents/Fil%20Rouge%20-%20MNS%20Game/22-CDA-JAVA-MNSGAME-/target/classes/data-mysql.sql]: INSERT INTO question(id,content, points,correct_answer_id, creator_id, theme_id) VALUES (1, "Quelle est la 4ème couche du modèle OSI ?",5,1,1,9), (2, "Quelle instruction SQL permet d'ajouter une colonne à une table ?",5,4,2,8), (3, "Combien y a-t-il de couches dans le modèle OSI ?",5,5,1,9), (4, "Que signifie POO ?",5,7,1,9), (5, "Que signifie API ?",5,10,1,9), (6, "SQL signifie ... ?",5,15,1,8), (7, "ORM signifie :",5,11,2,9), (8, "Spring boot est un ... ?",5,14,1,1), (9, "Une classe peut hériter d'une classe de type final.",5,17,1,9), (10, "Que signifie les trois www ?",5,20,1,9), (11, "Quelle adresse permet d'identifier un appareil ?",5,21,1,9), (12, "1 octet correspond à ... ?",5,23,1,9), (13, "Quel est le type de retour d'un constructeur ?",5,26,1,1), (14, "Quel est le rôle de la JVM?",5,28,1,1), (15, "La visibilité protected d'un membre d'une classe permet son accès aux classes du même package?",5,29,1,1), (16, "Une classe abstraite est une classe qui ne peut pas être instanciée.",5,31,1,1), (17, "Une classe ne peut implémenter qu'une seule interface.",5,34,1,1), (18, "Mécanisme permettant de modifier le comportement d'une classe fille par rapport à sa classe mère. Je suis ...?",5,35,1,1), (19, "Principe de limitation d'accès aux attributs d'une classe : ",5,37,1,1), (20, "(6*7+15*2)/9",5,40,1,9); nested exception is java.sql.SQLIntegrityConstraintViolationException: Cannot add or update a child row: a foreign key constraint fails (`mnsgame`.`question`, CONSTRAINT `FKtaeshr4q838ro18em8hpec8b3` FOREIGN KEY (`theme_id`) REFERENCES `theme` (`id`))
2022-08-31 14:10:32.599  INFO 2993 --- [main] j.LocalContainerEntityManagerFactoryBean : Closing JPA EntityManagerFactory for persistence unit 'default'
2022-08-31 14:10:32.601  INFO 2993 --- [main] com.zaxxer.hikari.HikariDataSource       : HikariPool-1 - Shutdown initiated...
2022-08-31 14:10:32.613  INFO 2993 --- [main] com.zaxxer.hikari.HikariDataSource       : HikariPool-1 - Shutdown completed.
2022-08-31 14:10:32.615  INFO 2993 --- [main] o.apache.catalina.core.StandardService   : Stopping service [Tomcat]
2022-08-31 14:10:32.640  INFO 2993 --- [main] ConditionEvaluationReportLoggingListener : 

Error starting ApplicationContext. To display the conditions report re-run your application with 'debug' enabled.
2022-08-31 14:10:32.746 ERROR 2993 --- [main] o.s.boot.SpringApplication               : Application run failed

org.springframework.beans.factory.BeanCreationException: Error creating bean with name 'scriptDataSourceInitializer' defined in class path resource [org/springframework/boot/autoconfigure/jdbc/DataSourceInitializationConfiguration$SharedCredentialsDataSourceInitializationConfiguration.class]: Invocation of init method failed; nested exception is org.springframework.jdbc.datasource.init.ScriptStatementFailedException: Failed to execute SQL script statement #10 of URL [file:/Users/vyphan/Documents/Fil%20Rouge%20-%20MNS%20Game/22-CDA-JAVA-MNSGAME-/target/classes/data-mysql.sql]: INSERT INTO question(id,content, points,correct_answer_id, creator_id, theme_id) VALUES (1, "Quelle est la 4ème couche du modèle OSI ?",5,1,1,9), (2, "Quelle instruction SQL permet d'ajouter une colonne à une table ?",5,4,2,8), (3, "Combien y a-t-il de couches dans le modèle OSI ?",5,5,1,9), (4, "Que signifie POO ?",5,7,1,9), (5, "Que signifie API ?",5,10,1,9), (6, "SQL signifie ... ?",5,15,1,8), (7, "ORM signifie :",5,11,2,9), (8, "Spring boot est un ... ?",5,14,1,1), (9, "Une classe peut hériter d'une classe de type final.",5,17,1,9), (10, "Que signifie les trois www ?",5,20,1,9), (11, "Quelle adresse permet d'identifier un appareil ?",5,21,1,9), (12, "1 octet correspond à ... ?",5,23,1,9), (13, "Quel est le type de retour d'un constructeur ?",5,26,1,1), (14, "Quel est le rôle de la JVM?",5,28,1,1), (15, "La visibilité protected d'un membre d'une classe permet son accès aux classes du même package?",5,29,1,1), (16, "Une classe abstraite est une classe qui ne peut pas être instanciée.",5,31,1,1), (17, "Une classe ne peut implémenter qu'une seule interface.",5,34,1,1), (18, "Mécanisme permettant de modifier le comportement d'une classe fille par rapport à sa classe mère. Je suis ...?",5,35,1,1), (19, "Principe de limitation d'accès aux attributs d'une classe : ",5,37,1,1), (20, "(6*7+15*2)/9",5,40,1,9); nested exception is java.sql.SQLIntegrityConstraintViolationException: Cannot add or update a child row: a foreign key constraint fails (`mnsgame`.`question`, CONSTRAINT `FKtaeshr4q838ro18em8hpec8b3` FOREIGN KEY (`theme_id`) REFERENCES `theme` (`id`))
	at org.springframework.beans.factory.support.AbstractAutowireCapableBeanFactory.initializeBean(AbstractAutowireCapableBeanFactory.java:1804) ~[spring-beans-5.3.18.jar:5.3.18]
	at org.springframework.beans.factory.support.AbstractAutowireCapableBeanFactory.doCreateBean(AbstractAutowireCapableBeanFactory.java:620) ~[spring-beans-5.3.18.jar:5.3.18]
	at org.springframework.beans.factory.support.AbstractAutowireCapableBeanFactory.createBean(AbstractAutowireCapableBeanFactory.java:542) ~[spring-beans-5.3.18.jar:5.3.18]
	at org.springframework.beans.factory.support.AbstractBeanFactory.lambda$doGetBean$0(AbstractBeanFactory.java:335) ~[spring-beans-5.3.18.jar:5.3.18]
	at org.springframework.beans.factory.support.DefaultSingletonBeanRegistry.getSingleton(DefaultSingletonBeanRegistry.java:234) ~[spring-beans-5.3.18.jar:5.3.18]
	at org.springframework.beans.factory.support.AbstractBeanFactory.doGetBean(AbstractBeanFactory.java:333) ~[spring-beans-5.3.18.jar:5.3.18]
	at org.springframework.beans.factory.support.AbstractBeanFactory.getBean(AbstractBeanFactory.java:208) ~[spring-beans-5.3.18.jar:5.3.18]
	at org.springframework.beans.factory.support.DefaultListableBeanFactory.preInstantiateSingletons(DefaultListableBeanFactory.java:953) ~[spring-beans-5.3.18.jar:5.3.18]
	at org.springframework.context.support.AbstractApplicationContext.finishBeanFactoryInitialization(AbstractApplicationContext.java:918) ~[spring-context-5.3.18.jar:5.3.18]
	at org.springframework.context.support.AbstractApplicationContext.refresh(AbstractApplicationContext.java:583) ~[spring-context-5.3.18.jar:5.3.18]
	at org.springframework.boot.web.servlet.context.ServletWebServerApplicationContext.refresh(ServletWebServerApplicationContext.java:145) ~[spring-boot-2.6.6.jar:2.6.6]
	at org.springframework.boot.SpringApplication.refresh(SpringApplication.java:740) ~[spring-boot-2.6.6.jar:2.6.6]
	at org.springframework.boot.SpringApplication.refreshContext(SpringApplication.java:415) ~[spring-boot-2.6.6.jar:2.6.6]
	at org.springframework.boot.SpringApplication.run(SpringApplication.java:303) ~[spring-boot-2.6.6.jar:2.6.6]
	at org.springframework.boot.SpringApplication.run(SpringApplication.java:1312) ~[spring-boot-2.6.6.jar:2.6.6]
	at org.springframework.boot.SpringApplication.run(SpringApplication.java:1301) ~[spring-boot-2.6.6.jar:2.6.6]
	at edu.mns.game.GameApplication.main(GameApplication.java:37) ~[classes/:na]
Caused by: org.springframework.jdbc.datasource.init.ScriptStatementFailedException: Failed to execute SQL script statement #10 of URL [file:/Users/vyphan/Documents/Fil%20Rouge%20-%20MNS%20Game/22-CDA-JAVA-MNSGAME-/target/classes/data-mysql.sql]: INSERT INTO question(id,content, points,correct_answer_id, creator_id, theme_id) VALUES (1, "Quelle est la 4ème couche du modèle OSI ?",5,1,1,9), (2, "Quelle instruction SQL permet d'ajouter une colonne à une table ?",5,4,2,8), (3, "Combien y a-t-il de couches dans le modèle OSI ?",5,5,1,9), (4, "Que signifie POO ?",5,7,1,9), (5, "Que signifie API ?",5,10,1,9), (6, "SQL signifie ... ?",5,15,1,8), (7, "ORM signifie :",5,11,2,9), (8, "Spring boot est un ... ?",5,14,1,1), (9, "Une classe peut hériter d'une classe de type final.",5,17,1,9), (10, "Que signifie les trois www ?",5,20,1,9), (11, "Quelle adresse permet d'identifier un appareil ?",5,21,1,9), (12, "1 octet correspond à ... ?",5,23,1,9), (13, "Quel est le type de retour d'un constructeur ?",5,26,1,1), (14, "Quel est le rôle de la JVM?",5,28,1,1), (15, "La visibilité protected d'un membre d'une classe permet son accès aux classes du même package?",5,29,1,1), (16, "Une classe abstraite est une classe qui ne peut pas être instanciée.",5,31,1,1), (17, "Une classe ne peut implémenter qu'une seule interface.",5,34,1,1), (18, "Mécanisme permettant de modifier le comportement d'une classe fille par rapport à sa classe mère. Je suis ...?",5,35,1,1), (19, "Principe de limitation d'accès aux attributs d'une classe : ",5,37,1,1), (20, "(6*7+15*2)/9",5,40,1,9); nested exception is java.sql.SQLIntegrityConstraintViolationException: Cannot add or update a child row: a foreign key constraint fails (`mnsgame`.`question`, CONSTRAINT `FKtaeshr4q838ro18em8hpec8b3` FOREIGN KEY (`theme_id`) REFERENCES `theme` (`id`))
	at org.springframework.jdbc.datasource.init.ScriptUtils.executeSqlScript(ScriptUtils.java:282) ~[spring-jdbc-5.3.18.jar:5.3.18]
	at org.springframework.jdbc.datasource.init.ResourceDatabasePopulator.populate(ResourceDatabasePopulator.java:254) ~[spring-jdbc-5.3.18.jar:5.3.18]
	at org.springframework.jdbc.datasource.init.DatabasePopulatorUtils.execute(DatabasePopulatorUtils.java:54) ~[spring-jdbc-5.3.18.jar:5.3.18]
	at org.springframework.boot.jdbc.init.DataSourceScriptDatabaseInitializer.runScripts(DataSourceScriptDatabaseInitializer.java:90) ~[spring-boot-2.6.6.jar:2.6.6]
	at org.springframework.boot.sql.init.AbstractScriptDatabaseInitializer.runScripts(AbstractScriptDatabaseInitializer.java:145) ~[spring-boot-2.6.6.jar:2.6.6]
	at org.springframework.boot.sql.init.AbstractScriptDatabaseInitializer.applyScripts(AbstractScriptDatabaseInitializer.java:107) ~[spring-boot-2.6.6.jar:2.6.6]
	at org.springframework.boot.sql.init.AbstractScriptDatabaseInitializer.applyDataScripts(AbstractScriptDatabaseInitializer.java:101) ~[spring-boot-2.6.6.jar:2.6.6]
	at org.springframework.boot.sql.init.AbstractScriptDatabaseInitializer.initializeDatabase(AbstractScriptDatabaseInitializer.java:76) ~[spring-boot-2.6.6.jar:2.6.6]
	at org.springframework.boot.sql.init.AbstractScriptDatabaseInitializer.afterPropertiesSet(AbstractScriptDatabaseInitializer.java:65) ~[spring-boot-2.6.6.jar:2.6.6]
	at org.springframework.beans.factory.support.AbstractAutowireCapableBeanFactory.invokeInitMethods(AbstractAutowireCapableBeanFactory.java:1863) ~[spring-beans-5.3.18.jar:5.3.18]
	at org.springframework.beans.factory.support.AbstractAutowireCapableBeanFactory.initializeBean(AbstractAutowireCapableBeanFactory.java:1800) ~[spring-beans-5.3.18.jar:5.3.18]
	... 16 common frames omitted
Caused by: java.sql.SQLIntegrityConstraintViolationException: Cannot add or update a child row: a foreign key constraint fails (`mnsgame`.`question`, CONSTRAINT `FKtaeshr4q838ro18em8hpec8b3` FOREIGN KEY (`theme_id`) REFERENCES `theme` (`id`))
	at com.mysql.cj.jdbc.exceptions.SQLError.createSQLException(SQLError.java:117) ~[mysql-connector-java-8.0.28.jar:8.0.28]
	at com.mysql.cj.jdbc.exceptions.SQLExceptionsMapping.translateException(SQLExceptionsMapping.java:122) ~[mysql-connector-java-8.0.28.jar:8.0.28]
	at com.mysql.cj.jdbc.StatementImpl.executeInternal(StatementImpl.java:763) ~[mysql-connector-java-8.0.28.jar:8.0.28]
	at com.mysql.cj.jdbc.StatementImpl.execute(StatementImpl.java:648) ~[mysql-connector-java-8.0.28.jar:8.0.28]
	at com.zaxxer.hikari.pool.ProxyStatement.execute(ProxyStatement.java:94) ~[HikariCP-4.0.3.jar:na]
	at com.zaxxer.hikari.pool.HikariProxyStatement.execute(HikariProxyStatement.java) ~[HikariCP-4.0.3.jar:na]
	at org.springframework.jdbc.datasource.init.ScriptUtils.executeSqlScript(ScriptUtils.java:261) ~[spring-jdbc-5.3.18.jar:5.3.18]
	... 26 common frames omitted

2022-08-31 14:13:00.816  INFO 3007 --- [main] edu.mns.game.GameApplication             : Starting GameApplication using Java 17.0.2 on VMA.local with PID 3007 (/Users/vyphan/Documents/Fil Rouge - MNS Game/22-CDA-JAVA-MNSGAME-/target/classes started by vyphan in /Users/vyphan/Documents/Fil Rouge - MNS Game/22-CDA-JAVA-MNSGAME-)
2022-08-31 14:13:00.826  INFO 3007 --- [main] edu.mns.game.GameApplication             : No active profile set, falling back to 1 default profile: "default"
2022-08-31 14:13:03.433  INFO 3007 --- [main] .s.d.r.c.RepositoryConfigurationDelegate : Bootstrapping Spring Data JPA repositories in DEFAULT mode.
2022-08-31 14:13:03.699  INFO 3007 --- [main] .s.d.r.c.RepositoryConfigurationDelegate : Finished Spring Data repository scanning in 234 ms. Found 8 JPA repository interfaces.
2022-08-31 14:13:05.494  INFO 3007 --- [main] o.s.b.w.embedded.tomcat.TomcatWebServer  : Tomcat initialized with port(s): 8080 (http)
2022-08-31 14:13:05.529  INFO 3007 --- [main] o.apache.catalina.core.StandardService   : Starting service [Tomcat]
2022-08-31 14:13:05.531  INFO 3007 --- [main] org.apache.catalina.core.StandardEngine  : Starting Servlet engine: [Apache Tomcat/9.0.60]
2022-08-31 14:13:05.979  INFO 3007 --- [main] o.a.c.c.C.[Tomcat].[localhost].[/]       : Initializing Spring embedded WebApplicationContext
2022-08-31 14:13:05.981  INFO 3007 --- [main] w.s.c.ServletWebServerApplicationContext : Root WebApplicationContext: initialization completed in 4935 ms
2022-08-31 14:13:06.382  INFO 3007 --- [main] o.hibernate.jpa.internal.util.LogHelper  : HHH000204: Processing PersistenceUnitInfo [name: default]
2022-08-31 14:13:06.567  INFO 3007 --- [main] org.hibernate.Version                    : HHH000412: Hibernate ORM core version 5.6.7.Final
2022-08-31 14:13:07.175  INFO 3007 --- [main] o.hibernate.annotations.common.Version   : HCANN000001: Hibernate Commons Annotations {5.1.2.Final}
2022-08-31 14:13:07.414  INFO 3007 --- [main] com.zaxxer.hikari.HikariDataSource       : HikariPool-1 - Starting...
2022-08-31 14:13:08.022  INFO 3007 --- [main] com.zaxxer.hikari.HikariDataSource       : HikariPool-1 - Start completed.
2022-08-31 14:13:08.073  INFO 3007 --- [main] org.hibernate.dialect.Dialect            : HHH000400: Using dialect: org.hibernate.dialect.MySQL5InnoDBDialect
2022-08-31 14:13:09.094  WARN 3007 --- [main] org.hibernate.mapping.RootClass          : HHH000038: Composite-id class does not override equals(): edu.mns.game.model.KeyPlayerResponses
2022-08-31 14:13:09.095  WARN 3007 --- [main] org.hibernate.mapping.RootClass          : HHH000039: Composite-id class does not override hashCode(): edu.mns.game.model.KeyPlayerResponses
2022-08-31 14:13:11.910  INFO 3007 --- [main] o.h.e.t.j.p.i.JtaPlatformInitiator       : HHH000490: Using JtaPlatform implementation: [org.hibernate.engine.transaction.jta.platform.internal.NoJtaPlatform]
2022-08-31 14:13:11.938  INFO 3007 --- [main] j.LocalContainerEntityManagerFactoryBean : Initialized JPA EntityManagerFactory for persistence unit 'default'
2022-08-31 14:13:13.048  WARN 3007 --- [main] JpaBaseConfiguration$JpaWebConfiguration : spring.jpa.open-in-view is enabled by default. Therefore, database queries may be performed during view rendering. Explicitly configure spring.jpa.open-in-view to disable this warning
2022-08-31 14:13:14.101  INFO 3007 --- [main] o.s.s.web.DefaultSecurityFilterChain     : Will not secure any request
2022-08-31 14:13:14.569  WARN 3007 --- [main] ConfigServletWebServerApplicationContext : Exception encountered during context initialization - cancelling refresh attempt: org.springframework.beans.factory.BeanCreationException: Error creating bean with name 'scriptDataSourceInitializer' defined in class path resource [org/springframework/boot/autoconfigure/jdbc/DataSourceInitializationConfiguration$SharedCredentialsDataSourceInitializationConfiguration.class]: Invocation of init method failed; nested exception is org.springframework.jdbc.datasource.init.ScriptStatementFailedException: Failed to execute SQL script statement #52 of URL [file:/Users/vyphan/Documents/Fil%20Rouge%20-%20MNS%20Game/22-CDA-JAVA-MNSGAME-/target/classes/data-mysql.sql]: (2, "Le framework Spring",null,true,2,3,null), (3, "Creation de site web",null,false,1,1,null); nested exception is java.sql.SQLSyntaxErrorException: You have an error in your SQL syntax; check the manual that corresponds to your MySQL server version for the right syntax to use near '2, "Le framework Spring",null,true,2,3,null), (3, "Creation de site web",null,fa' at line 1
2022-08-31 14:13:14.575  INFO 3007 --- [main] j.LocalContainerEntityManagerFactoryBean : Closing JPA EntityManagerFactory for persistence unit 'default'
2022-08-31 14:13:14.580  INFO 3007 --- [main] com.zaxxer.hikari.HikariDataSource       : HikariPool-1 - Shutdown initiated...
2022-08-31 14:13:14.593  INFO 3007 --- [main] com.zaxxer.hikari.HikariDataSource       : HikariPool-1 - Shutdown completed.
2022-08-31 14:13:14.596  INFO 3007 --- [main] o.apache.catalina.core.StandardService   : Stopping service [Tomcat]
2022-08-31 14:13:14.613  INFO 3007 --- [main] ConditionEvaluationReportLoggingListener : 

Error starting ApplicationContext. To display the conditions report re-run your application with 'debug' enabled.
2022-08-31 14:13:14.657 ERROR 3007 --- [main] o.s.boot.SpringApplication               : Application run failed

org.springframework.beans.factory.BeanCreationException: Error creating bean with name 'scriptDataSourceInitializer' defined in class path resource [org/springframework/boot/autoconfigure/jdbc/DataSourceInitializationConfiguration$SharedCredentialsDataSourceInitializationConfiguration.class]: Invocation of init method failed; nested exception is org.springframework.jdbc.datasource.init.ScriptStatementFailedException: Failed to execute SQL script statement #52 of URL [file:/Users/vyphan/Documents/Fil%20Rouge%20-%20MNS%20Game/22-CDA-JAVA-MNSGAME-/target/classes/data-mysql.sql]: (2, "Le framework Spring",null,true,2,3,null), (3, "Creation de site web",null,false,1,1,null); nested exception is java.sql.SQLSyntaxErrorException: You have an error in your SQL syntax; check the manual that corresponds to your MySQL server version for the right syntax to use near '2, "Le framework Spring",null,true,2,3,null), (3, "Creation de site web",null,fa' at line 1
	at org.springframework.beans.factory.support.AbstractAutowireCapableBeanFactory.initializeBean(AbstractAutowireCapableBeanFactory.java:1804) ~[spring-beans-5.3.18.jar:5.3.18]
	at org.springframework.beans.factory.support.AbstractAutowireCapableBeanFactory.doCreateBean(AbstractAutowireCapableBeanFactory.java:620) ~[spring-beans-5.3.18.jar:5.3.18]
	at org.springframework.beans.factory.support.AbstractAutowireCapableBeanFactory.createBean(AbstractAutowireCapableBeanFactory.java:542) ~[spring-beans-5.3.18.jar:5.3.18]
	at org.springframework.beans.factory.support.AbstractBeanFactory.lambda$doGetBean$0(AbstractBeanFactory.java:335) ~[spring-beans-5.3.18.jar:5.3.18]
	at org.springframework.beans.factory.support.DefaultSingletonBeanRegistry.getSingleton(DefaultSingletonBeanRegistry.java:234) ~[spring-beans-5.3.18.jar:5.3.18]
	at org.springframework.beans.factory.support.AbstractBeanFactory.doGetBean(AbstractBeanFactory.java:333) ~[spring-beans-5.3.18.jar:5.3.18]
	at org.springframework.beans.factory.support.AbstractBeanFactory.getBean(AbstractBeanFactory.java:208) ~[spring-beans-5.3.18.jar:5.3.18]
	at org.springframework.beans.factory.support.DefaultListableBeanFactory.preInstantiateSingletons(DefaultListableBeanFactory.java:953) ~[spring-beans-5.3.18.jar:5.3.18]
	at org.springframework.context.support.AbstractApplicationContext.finishBeanFactoryInitialization(AbstractApplicationContext.java:918) ~[spring-context-5.3.18.jar:5.3.18]
	at org.springframework.context.support.AbstractApplicationContext.refresh(AbstractApplicationContext.java:583) ~[spring-context-5.3.18.jar:5.3.18]
	at org.springframework.boot.web.servlet.context.ServletWebServerApplicationContext.refresh(ServletWebServerApplicationContext.java:145) ~[spring-boot-2.6.6.jar:2.6.6]
	at org.springframework.boot.SpringApplication.refresh(SpringApplication.java:740) ~[spring-boot-2.6.6.jar:2.6.6]
	at org.springframework.boot.SpringApplication.refreshContext(SpringApplication.java:415) ~[spring-boot-2.6.6.jar:2.6.6]
	at org.springframework.boot.SpringApplication.run(SpringApplication.java:303) ~[spring-boot-2.6.6.jar:2.6.6]
	at org.springframework.boot.SpringApplication.run(SpringApplication.java:1312) ~[spring-boot-2.6.6.jar:2.6.6]
	at org.springframework.boot.SpringApplication.run(SpringApplication.java:1301) ~[spring-boot-2.6.6.jar:2.6.6]
	at edu.mns.game.GameApplication.main(GameApplication.java:37) ~[classes/:na]
Caused by: org.springframework.jdbc.datasource.init.ScriptStatementFailedException: Failed to execute SQL script statement #52 of URL [file:/Users/vyphan/Documents/Fil%20Rouge%20-%20MNS%20Game/22-CDA-JAVA-MNSGAME-/target/classes/data-mysql.sql]: (2, "Le framework Spring",null,true,2,3,null), (3, "Creation de site web",null,false,1,1,null); nested exception is java.sql.SQLSyntaxErrorException: You have an error in your SQL syntax; check the manual that corresponds to your MySQL server version for the right syntax to use near '2, "Le framework Spring",null,true,2,3,null), (3, "Creation de site web",null,fa' at line 1
	at org.springframework.jdbc.datasource.init.ScriptUtils.executeSqlScript(ScriptUtils.java:282) ~[spring-jdbc-5.3.18.jar:5.3.18]
	at org.springframework.jdbc.datasource.init.ResourceDatabasePopulator.populate(ResourceDatabasePopulator.java:254) ~[spring-jdbc-5.3.18.jar:5.3.18]
	at org.springframework.jdbc.datasource.init.DatabasePopulatorUtils.execute(DatabasePopulatorUtils.java:54) ~[spring-jdbc-5.3.18.jar:5.3.18]
	at org.springframework.boot.jdbc.init.DataSourceScriptDatabaseInitializer.runScripts(DataSourceScriptDatabaseInitializer.java:90) ~[spring-boot-2.6.6.jar:2.6.6]
	at org.springframework.boot.sql.init.AbstractScriptDatabaseInitializer.runScripts(AbstractScriptDatabaseInitializer.java:145) ~[spring-boot-2.6.6.jar:2.6.6]
	at org.springframework.boot.sql.init.AbstractScriptDatabaseInitializer.applyScripts(AbstractScriptDatabaseInitializer.java:107) ~[spring-boot-2.6.6.jar:2.6.6]
	at org.springframework.boot.sql.init.AbstractScriptDatabaseInitializer.applyDataScripts(AbstractScriptDatabaseInitializer.java:101) ~[spring-boot-2.6.6.jar:2.6.6]
	at org.springframework.boot.sql.init.AbstractScriptDatabaseInitializer.initializeDatabase(AbstractScriptDatabaseInitializer.java:76) ~[spring-boot-2.6.6.jar:2.6.6]
	at org.springframework.boot.sql.init.AbstractScriptDatabaseInitializer.afterPropertiesSet(AbstractScriptDatabaseInitializer.java:65) ~[spring-boot-2.6.6.jar:2.6.6]
	at org.springframework.beans.factory.support.AbstractAutowireCapableBeanFactory.invokeInitMethods(AbstractAutowireCapableBeanFactory.java:1863) ~[spring-beans-5.3.18.jar:5.3.18]
	at org.springframework.beans.factory.support.AbstractAutowireCapableBeanFactory.initializeBean(AbstractAutowireCapableBeanFactory.java:1800) ~[spring-beans-5.3.18.jar:5.3.18]
	... 16 common frames omitted
Caused by: java.sql.SQLSyntaxErrorException: You have an error in your SQL syntax; check the manual that corresponds to your MySQL server version for the right syntax to use near '2, "Le framework Spring",null,true,2,3,null), (3, "Creation de site web",null,fa' at line 1
	at com.mysql.cj.jdbc.exceptions.SQLError.createSQLException(SQLError.java:120) ~[mysql-connector-java-8.0.28.jar:8.0.28]
	at com.mysql.cj.jdbc.exceptions.SQLExceptionsMapping.translateException(SQLExceptionsMapping.java:122) ~[mysql-connector-java-8.0.28.jar:8.0.28]
	at com.mysql.cj.jdbc.StatementImpl.executeInternal(StatementImpl.java:763) ~[mysql-connector-java-8.0.28.jar:8.0.28]
	at com.mysql.cj.jdbc.StatementImpl.execute(StatementImpl.java:648) ~[mysql-connector-java-8.0.28.jar:8.0.28]
	at com.zaxxer.hikari.pool.ProxyStatement.execute(ProxyStatement.java:94) ~[HikariCP-4.0.3.jar:na]
	at com.zaxxer.hikari.pool.HikariProxyStatement.execute(HikariProxyStatement.java) ~[HikariCP-4.0.3.jar:na]
	at org.springframework.jdbc.datasource.init.ScriptUtils.executeSqlScript(ScriptUtils.java:261) ~[spring-jdbc-5.3.18.jar:5.3.18]
	... 26 common frames omitted

2022-08-31 14:14:46.427  INFO 3016 --- [main] edu.mns.game.GameApplication             : Starting GameApplication using Java 17.0.2 on VMA.local with PID 3016 (/Users/vyphan/Documents/Fil Rouge - MNS Game/22-CDA-JAVA-MNSGAME-/target/classes started by vyphan in /Users/vyphan/Documents/Fil Rouge - MNS Game/22-CDA-JAVA-MNSGAME-)
2022-08-31 14:14:46.432  INFO 3016 --- [main] edu.mns.game.GameApplication             : No active profile set, falling back to 1 default profile: "default"
2022-08-31 14:14:47.881  INFO 3016 --- [main] .s.d.r.c.RepositoryConfigurationDelegate : Bootstrapping Spring Data JPA repositories in DEFAULT mode.
2022-08-31 14:14:48.039  INFO 3016 --- [main] .s.d.r.c.RepositoryConfigurationDelegate : Finished Spring Data repository scanning in 142 ms. Found 8 JPA repository interfaces.
2022-08-31 14:14:49.358  INFO 3016 --- [main] o.s.b.w.embedded.tomcat.TomcatWebServer  : Tomcat initialized with port(s): 8080 (http)
2022-08-31 14:14:49.383  INFO 3016 --- [main] o.apache.catalina.core.StandardService   : Starting service [Tomcat]
2022-08-31 14:14:49.384  INFO 3016 --- [main] org.apache.catalina.core.StandardEngine  : Starting Servlet engine: [Apache Tomcat/9.0.60]
2022-08-31 14:14:49.689  INFO 3016 --- [main] o.a.c.c.C.[Tomcat].[localhost].[/]       : Initializing Spring embedded WebApplicationContext
2022-08-31 14:14:49.689  INFO 3016 --- [main] w.s.c.ServletWebServerApplicationContext : Root WebApplicationContext: initialization completed in 3144 ms
2022-08-31 14:14:49.954  INFO 3016 --- [main] o.hibernate.jpa.internal.util.LogHelper  : HHH000204: Processing PersistenceUnitInfo [name: default]
2022-08-31 14:14:50.052  INFO 3016 --- [main] org.hibernate.Version                    : HHH000412: Hibernate ORM core version 5.6.7.Final
2022-08-31 14:14:50.373  INFO 3016 --- [main] o.hibernate.annotations.common.Version   : HCANN000001: Hibernate Commons Annotations {5.1.2.Final}
2022-08-31 14:14:50.530  INFO 3016 --- [main] com.zaxxer.hikari.HikariDataSource       : HikariPool-1 - Starting...
2022-08-31 14:14:51.119  INFO 3016 --- [main] com.zaxxer.hikari.HikariDataSource       : HikariPool-1 - Start completed.
2022-08-31 14:14:51.157  INFO 3016 --- [main] org.hibernate.dialect.Dialect            : HHH000400: Using dialect: org.hibernate.dialect.MySQL5InnoDBDialect
2022-08-31 14:14:51.883  WARN 3016 --- [main] org.hibernate.mapping.RootClass          : HHH000038: Composite-id class does not override equals(): edu.mns.game.model.KeyPlayerResponses
2022-08-31 14:14:51.885  WARN 3016 --- [main] org.hibernate.mapping.RootClass          : HHH000039: Composite-id class does not override hashCode(): edu.mns.game.model.KeyPlayerResponses
2022-08-31 14:14:54.506  INFO 3016 --- [main] o.h.e.t.j.p.i.JtaPlatformInitiator       : HHH000490: Using JtaPlatform implementation: [org.hibernate.engine.transaction.jta.platform.internal.NoJtaPlatform]
2022-08-31 14:14:54.522  INFO 3016 --- [main] j.LocalContainerEntityManagerFactoryBean : Initialized JPA EntityManagerFactory for persistence unit 'default'
2022-08-31 14:14:55.751  WARN 3016 --- [main] JpaBaseConfiguration$JpaWebConfiguration : spring.jpa.open-in-view is enabled by default. Therefore, database queries may be performed during view rendering. Explicitly configure spring.jpa.open-in-view to disable this warning
2022-08-31 14:14:56.706  INFO 3016 --- [main] o.s.s.web.DefaultSecurityFilterChain     : Will not secure any request
2022-08-31 14:14:57.134  WARN 3016 --- [main] ConfigServletWebServerApplicationContext : Exception encountered during context initialization - cancelling refresh attempt: org.springframework.beans.factory.BeanCreationException: Error creating bean with name 'scriptDataSourceInitializer' defined in class path resource [org/springframework/boot/autoconfigure/jdbc/DataSourceInitializationConfiguration$SharedCredentialsDataSourceInitializationConfiguration.class]: Invocation of init method failed; nested exception is org.springframework.jdbc.datasource.init.ScriptStatementFailedException: Failed to execute SQL script statement #52 of URL [file:/Users/vyphan/Documents/Fil%20Rouge%20-%20MNS%20Game/22-CDA-JAVA-MNSGAME-/target/classes/data-mysql.sql]: (2, "Le framework Spring",true,2,3,null), (3, "Creation de site web",false,1,1,null); nested exception is java.sql.SQLSyntaxErrorException: You have an error in your SQL syntax; check the manual that corresponds to your MySQL server version for the right syntax to use near '2, "Le framework Spring",true,2,3,null), (3, "Creation de site web",false,1,1,nu' at line 1
2022-08-31 14:14:57.140  INFO 3016 --- [main] j.LocalContainerEntityManagerFactoryBean : Closing JPA EntityManagerFactory for persistence unit 'default'
2022-08-31 14:14:57.142  INFO 3016 --- [main] com.zaxxer.hikari.HikariDataSource       : HikariPool-1 - Shutdown initiated...
2022-08-31 14:14:57.152  INFO 3016 --- [main] com.zaxxer.hikari.HikariDataSource       : HikariPool-1 - Shutdown completed.
2022-08-31 14:14:57.155  INFO 3016 --- [main] o.apache.catalina.core.StandardService   : Stopping service [Tomcat]
2022-08-31 14:14:57.173  INFO 3016 --- [main] ConditionEvaluationReportLoggingListener : 

Error starting ApplicationContext. To display the conditions report re-run your application with 'debug' enabled.
2022-08-31 14:14:57.217 ERROR 3016 --- [main] o.s.boot.SpringApplication               : Application run failed

org.springframework.beans.factory.BeanCreationException: Error creating bean with name 'scriptDataSourceInitializer' defined in class path resource [org/springframework/boot/autoconfigure/jdbc/DataSourceInitializationConfiguration$SharedCredentialsDataSourceInitializationConfiguration.class]: Invocation of init method failed; nested exception is org.springframework.jdbc.datasource.init.ScriptStatementFailedException: Failed to execute SQL script statement #52 of URL [file:/Users/vyphan/Documents/Fil%20Rouge%20-%20MNS%20Game/22-CDA-JAVA-MNSGAME-/target/classes/data-mysql.sql]: (2, "Le framework Spring",true,2,3,null), (3, "Creation de site web",false,1,1,null); nested exception is java.sql.SQLSyntaxErrorException: You have an error in your SQL syntax; check the manual that corresponds to your MySQL server version for the right syntax to use near '2, "Le framework Spring",true,2,3,null), (3, "Creation de site web",false,1,1,nu' at line 1
	at org.springframework.beans.factory.support.AbstractAutowireCapableBeanFactory.initializeBean(AbstractAutowireCapableBeanFactory.java:1804) ~[spring-beans-5.3.18.jar:5.3.18]
	at org.springframework.beans.factory.support.AbstractAutowireCapableBeanFactory.doCreateBean(AbstractAutowireCapableBeanFactory.java:620) ~[spring-beans-5.3.18.jar:5.3.18]
	at org.springframework.beans.factory.support.AbstractAutowireCapableBeanFactory.createBean(AbstractAutowireCapableBeanFactory.java:542) ~[spring-beans-5.3.18.jar:5.3.18]
	at org.springframework.beans.factory.support.AbstractBeanFactory.lambda$doGetBean$0(AbstractBeanFactory.java:335) ~[spring-beans-5.3.18.jar:5.3.18]
	at org.springframework.beans.factory.support.DefaultSingletonBeanRegistry.getSingleton(DefaultSingletonBeanRegistry.java:234) ~[spring-beans-5.3.18.jar:5.3.18]
	at org.springframework.beans.factory.support.AbstractBeanFactory.doGetBean(AbstractBeanFactory.java:333) ~[spring-beans-5.3.18.jar:5.3.18]
	at org.springframework.beans.factory.support.AbstractBeanFactory.getBean(AbstractBeanFactory.java:208) ~[spring-beans-5.3.18.jar:5.3.18]
	at org.springframework.beans.factory.support.DefaultListableBeanFactory.preInstantiateSingletons(DefaultListableBeanFactory.java:953) ~[spring-beans-5.3.18.jar:5.3.18]
	at org.springframework.context.support.AbstractApplicationContext.finishBeanFactoryInitialization(AbstractApplicationContext.java:918) ~[spring-context-5.3.18.jar:5.3.18]
	at org.springframework.context.support.AbstractApplicationContext.refresh(AbstractApplicationContext.java:583) ~[spring-context-5.3.18.jar:5.3.18]
	at org.springframework.boot.web.servlet.context.ServletWebServerApplicationContext.refresh(ServletWebServerApplicationContext.java:145) ~[spring-boot-2.6.6.jar:2.6.6]
	at org.springframework.boot.SpringApplication.refresh(SpringApplication.java:740) ~[spring-boot-2.6.6.jar:2.6.6]
	at org.springframework.boot.SpringApplication.refreshContext(SpringApplication.java:415) ~[spring-boot-2.6.6.jar:2.6.6]
	at org.springframework.boot.SpringApplication.run(SpringApplication.java:303) ~[spring-boot-2.6.6.jar:2.6.6]
	at org.springframework.boot.SpringApplication.run(SpringApplication.java:1312) ~[spring-boot-2.6.6.jar:2.6.6]
	at org.springframework.boot.SpringApplication.run(SpringApplication.java:1301) ~[spring-boot-2.6.6.jar:2.6.6]
	at edu.mns.game.GameApplication.main(GameApplication.java:37) ~[classes/:na]
Caused by: org.springframework.jdbc.datasource.init.ScriptStatementFailedException: Failed to execute SQL script statement #52 of URL [file:/Users/vyphan/Documents/Fil%20Rouge%20-%20MNS%20Game/22-CDA-JAVA-MNSGAME-/target/classes/data-mysql.sql]: (2, "Le framework Spring",true,2,3,null), (3, "Creation de site web",false,1,1,null); nested exception is java.sql.SQLSyntaxErrorException: You have an error in your SQL syntax; check the manual that corresponds to your MySQL server version for the right syntax to use near '2, "Le framework Spring",true,2,3,null), (3, "Creation de site web",false,1,1,nu' at line 1
	at org.springframework.jdbc.datasource.init.ScriptUtils.executeSqlScript(ScriptUtils.java:282) ~[spring-jdbc-5.3.18.jar:5.3.18]
	at org.springframework.jdbc.datasource.init.ResourceDatabasePopulator.populate(ResourceDatabasePopulator.java:254) ~[spring-jdbc-5.3.18.jar:5.3.18]
	at org.springframework.jdbc.datasource.init.DatabasePopulatorUtils.execute(DatabasePopulatorUtils.java:54) ~[spring-jdbc-5.3.18.jar:5.3.18]
	at org.springframework.boot.jdbc.init.DataSourceScriptDatabaseInitializer.runScripts(DataSourceScriptDatabaseInitializer.java:90) ~[spring-boot-2.6.6.jar:2.6.6]
	at org.springframework.boot.sql.init.AbstractScriptDatabaseInitializer.runScripts(AbstractScriptDatabaseInitializer.java:145) ~[spring-boot-2.6.6.jar:2.6.6]
	at org.springframework.boot.sql.init.AbstractScriptDatabaseInitializer.applyScripts(AbstractScriptDatabaseInitializer.java:107) ~[spring-boot-2.6.6.jar:2.6.6]
	at org.springframework.boot.sql.init.AbstractScriptDatabaseInitializer.applyDataScripts(AbstractScriptDatabaseInitializer.java:101) ~[spring-boot-2.6.6.jar:2.6.6]
	at org.springframework.boot.sql.init.AbstractScriptDatabaseInitializer.initializeDatabase(AbstractScriptDatabaseInitializer.java:76) ~[spring-boot-2.6.6.jar:2.6.6]
	at org.springframework.boot.sql.init.AbstractScriptDatabaseInitializer.afterPropertiesSet(AbstractScriptDatabaseInitializer.java:65) ~[spring-boot-2.6.6.jar:2.6.6]
	at org.springframework.beans.factory.support.AbstractAutowireCapableBeanFactory.invokeInitMethods(AbstractAutowireCapableBeanFactory.java:1863) ~[spring-beans-5.3.18.jar:5.3.18]
	at org.springframework.beans.factory.support.AbstractAutowireCapableBeanFactory.initializeBean(AbstractAutowireCapableBeanFactory.java:1800) ~[spring-beans-5.3.18.jar:5.3.18]
	... 16 common frames omitted
Caused by: java.sql.SQLSyntaxErrorException: You have an error in your SQL syntax; check the manual that corresponds to your MySQL server version for the right syntax to use near '2, "Le framework Spring",true,2,3,null), (3, "Creation de site web",false,1,1,nu' at line 1
	at com.mysql.cj.jdbc.exceptions.SQLError.createSQLException(SQLError.java:120) ~[mysql-connector-java-8.0.28.jar:8.0.28]
	at com.mysql.cj.jdbc.exceptions.SQLExceptionsMapping.translateException(SQLExceptionsMapping.java:122) ~[mysql-connector-java-8.0.28.jar:8.0.28]
	at com.mysql.cj.jdbc.StatementImpl.executeInternal(StatementImpl.java:763) ~[mysql-connector-java-8.0.28.jar:8.0.28]
	at com.mysql.cj.jdbc.StatementImpl.execute(StatementImpl.java:648) ~[mysql-connector-java-8.0.28.jar:8.0.28]
	at com.zaxxer.hikari.pool.ProxyStatement.execute(ProxyStatement.java:94) ~[HikariCP-4.0.3.jar:na]
	at com.zaxxer.hikari.pool.HikariProxyStatement.execute(HikariProxyStatement.java) ~[HikariCP-4.0.3.jar:na]
	at org.springframework.jdbc.datasource.init.ScriptUtils.executeSqlScript(ScriptUtils.java:261) ~[spring-jdbc-5.3.18.jar:5.3.18]
	... 26 common frames omitted

2022-08-31 14:15:41.338  INFO 3025 --- [main] edu.mns.game.GameApplication             : Starting GameApplication using Java 17.0.2 on VMA.local with PID 3025 (/Users/vyphan/Documents/Fil Rouge - MNS Game/22-CDA-JAVA-MNSGAME-/target/classes started by vyphan in /Users/vyphan/Documents/Fil Rouge - MNS Game/22-CDA-JAVA-MNSGAME-)
2022-08-31 14:15:41.343  INFO 3025 --- [main] edu.mns.game.GameApplication             : No active profile set, falling back to 1 default profile: "default"
2022-08-31 14:15:42.694  INFO 3025 --- [main] .s.d.r.c.RepositoryConfigurationDelegate : Bootstrapping Spring Data JPA repositories in DEFAULT mode.
2022-08-31 14:15:42.818  INFO 3025 --- [main] .s.d.r.c.RepositoryConfigurationDelegate : Finished Spring Data repository scanning in 108 ms. Found 8 JPA repository interfaces.
2022-08-31 14:15:43.856  INFO 3025 --- [main] o.s.b.w.embedded.tomcat.TomcatWebServer  : Tomcat initialized with port(s): 8080 (http)
2022-08-31 14:15:43.883  INFO 3025 --- [main] o.apache.catalina.core.StandardService   : Starting service [Tomcat]
2022-08-31 14:15:43.883  INFO 3025 --- [main] org.apache.catalina.core.StandardEngine  : Starting Servlet engine: [Apache Tomcat/9.0.60]
2022-08-31 14:15:44.125  INFO 3025 --- [main] o.a.c.c.C.[Tomcat].[localhost].[/]       : Initializing Spring embedded WebApplicationContext
2022-08-31 14:15:44.126  INFO 3025 --- [main] w.s.c.ServletWebServerApplicationContext : Root WebApplicationContext: initialization completed in 2665 ms
2022-08-31 14:15:44.467  INFO 3025 --- [main] o.hibernate.jpa.internal.util.LogHelper  : HHH000204: Processing PersistenceUnitInfo [name: default]
2022-08-31 14:15:44.571  INFO 3025 --- [main] org.hibernate.Version                    : HHH000412: Hibernate ORM core version 5.6.7.Final
2022-08-31 14:15:44.929  INFO 3025 --- [main] o.hibernate.annotations.common.Version   : HCANN000001: Hibernate Commons Annotations {5.1.2.Final}
2022-08-31 14:15:45.103  INFO 3025 --- [main] com.zaxxer.hikari.HikariDataSource       : HikariPool-1 - Starting...
2022-08-31 14:15:45.581  INFO 3025 --- [main] com.zaxxer.hikari.HikariDataSource       : HikariPool-1 - Start completed.
2022-08-31 14:15:45.607  INFO 3025 --- [main] org.hibernate.dialect.Dialect            : HHH000400: Using dialect: org.hibernate.dialect.MySQL5InnoDBDialect
2022-08-31 14:15:46.244  WARN 3025 --- [main] org.hibernate.mapping.RootClass          : HHH000038: Composite-id class does not override equals(): edu.mns.game.model.KeyPlayerResponses
2022-08-31 14:15:46.244  WARN 3025 --- [main] org.hibernate.mapping.RootClass          : HHH000039: Composite-id class does not override hashCode(): edu.mns.game.model.KeyPlayerResponses
2022-08-31 14:15:48.980  INFO 3025 --- [main] o.h.e.t.j.p.i.JtaPlatformInitiator       : HHH000490: Using JtaPlatform implementation: [org.hibernate.engine.transaction.jta.platform.internal.NoJtaPlatform]
2022-08-31 14:15:49.005  INFO 3025 --- [main] j.LocalContainerEntityManagerFactoryBean : Initialized JPA EntityManagerFactory for persistence unit 'default'
2022-08-31 14:15:50.493  WARN 3025 --- [main] JpaBaseConfiguration$JpaWebConfiguration : spring.jpa.open-in-view is enabled by default. Therefore, database queries may be performed during view rendering. Explicitly configure spring.jpa.open-in-view to disable this warning
2022-08-31 14:15:51.531  INFO 3025 --- [main] o.s.s.web.DefaultSecurityFilterChain     : Will not secure any request
2022-08-31 14:15:52.037  WARN 3025 --- [main] ConfigServletWebServerApplicationContext : Exception encountered during context initialization - cancelling refresh attempt: org.springframework.beans.factory.BeanCreationException: Error creating bean with name 'scriptDataSourceInitializer' defined in class path resource [org/springframework/boot/autoconfigure/jdbc/DataSourceInitializationConfiguration$SharedCredentialsDataSourceInitializationConfiguration.class]: Invocation of init method failed; nested exception is org.springframework.jdbc.datasource.init.ScriptStatementFailedException: Failed to execute SQL script statement #51 of URL [file:/Users/vyphan/Documents/Fil%20Rouge%20-%20MNS%20Game/22-CDA-JAVA-MNSGAME-/target/classes/data-mysql.sql]: INSERT INTO scenario(id, name, description, is_published, creator_id, first_question_id, media_id) VALUES (1, "Général","Lorem Ipsum is simply dummy text of the printing and typesetting industry.Contrary to popular belief, it's not simply random text",false,1,1,null), (2, "Le framework Spring",true,2,3,null), (3, "Creation de site web",false,1,1,null); nested exception is java.sql.SQLException: Column count doesn't match value count at row 2
2022-08-31 14:15:52.045  INFO 3025 --- [main] j.LocalContainerEntityManagerFactoryBean : Closing JPA EntityManagerFactory for persistence unit 'default'
2022-08-31 14:15:52.048  INFO 3025 --- [main] com.zaxxer.hikari.HikariDataSource       : HikariPool-1 - Shutdown initiated...
2022-08-31 14:15:52.071  INFO 3025 --- [main] com.zaxxer.hikari.HikariDataSource       : HikariPool-1 - Shutdown completed.
2022-08-31 14:15:52.077  INFO 3025 --- [main] o.apache.catalina.core.StandardService   : Stopping service [Tomcat]
2022-08-31 14:15:52.099  INFO 3025 --- [main] ConditionEvaluationReportLoggingListener : 

Error starting ApplicationContext. To display the conditions report re-run your application with 'debug' enabled.
2022-08-31 14:15:52.150 ERROR 3025 --- [main] o.s.boot.SpringApplication               : Application run failed

org.springframework.beans.factory.BeanCreationException: Error creating bean with name 'scriptDataSourceInitializer' defined in class path resource [org/springframework/boot/autoconfigure/jdbc/DataSourceInitializationConfiguration$SharedCredentialsDataSourceInitializationConfiguration.class]: Invocation of init method failed; nested exception is org.springframework.jdbc.datasource.init.ScriptStatementFailedException: Failed to execute SQL script statement #51 of URL [file:/Users/vyphan/Documents/Fil%20Rouge%20-%20MNS%20Game/22-CDA-JAVA-MNSGAME-/target/classes/data-mysql.sql]: INSERT INTO scenario(id, name, description, is_published, creator_id, first_question_id, media_id) VALUES (1, "Général","Lorem Ipsum is simply dummy text of the printing and typesetting industry.Contrary to popular belief, it's not simply random text",false,1,1,null), (2, "Le framework Spring",true,2,3,null), (3, "Creation de site web",false,1,1,null); nested exception is java.sql.SQLException: Column count doesn't match value count at row 2
	at org.springframework.beans.factory.support.AbstractAutowireCapableBeanFactory.initializeBean(AbstractAutowireCapableBeanFactory.java:1804) ~[spring-beans-5.3.18.jar:5.3.18]
	at org.springframework.beans.factory.support.AbstractAutowireCapableBeanFactory.doCreateBean(AbstractAutowireCapableBeanFactory.java:620) ~[spring-beans-5.3.18.jar:5.3.18]
	at org.springframework.beans.factory.support.AbstractAutowireCapableBeanFactory.createBean(AbstractAutowireCapableBeanFactory.java:542) ~[spring-beans-5.3.18.jar:5.3.18]
	at org.springframework.beans.factory.support.AbstractBeanFactory.lambda$doGetBean$0(AbstractBeanFactory.java:335) ~[spring-beans-5.3.18.jar:5.3.18]
	at org.springframework.beans.factory.support.DefaultSingletonBeanRegistry.getSingleton(DefaultSingletonBeanRegistry.java:234) ~[spring-beans-5.3.18.jar:5.3.18]
	at org.springframework.beans.factory.support.AbstractBeanFactory.doGetBean(AbstractBeanFactory.java:333) ~[spring-beans-5.3.18.jar:5.3.18]
	at org.springframework.beans.factory.support.AbstractBeanFactory.getBean(AbstractBeanFactory.java:208) ~[spring-beans-5.3.18.jar:5.3.18]
	at org.springframework.beans.factory.support.DefaultListableBeanFactory.preInstantiateSingletons(DefaultListableBeanFactory.java:953) ~[spring-beans-5.3.18.jar:5.3.18]
	at org.springframework.context.support.AbstractApplicationContext.finishBeanFactoryInitialization(AbstractApplicationContext.java:918) ~[spring-context-5.3.18.jar:5.3.18]
	at org.springframework.context.support.AbstractApplicationContext.refresh(AbstractApplicationContext.java:583) ~[spring-context-5.3.18.jar:5.3.18]
	at org.springframework.boot.web.servlet.context.ServletWebServerApplicationContext.refresh(ServletWebServerApplicationContext.java:145) ~[spring-boot-2.6.6.jar:2.6.6]
	at org.springframework.boot.SpringApplication.refresh(SpringApplication.java:740) ~[spring-boot-2.6.6.jar:2.6.6]
	at org.springframework.boot.SpringApplication.refreshContext(SpringApplication.java:415) ~[spring-boot-2.6.6.jar:2.6.6]
	at org.springframework.boot.SpringApplication.run(SpringApplication.java:303) ~[spring-boot-2.6.6.jar:2.6.6]
	at org.springframework.boot.SpringApplication.run(SpringApplication.java:1312) ~[spring-boot-2.6.6.jar:2.6.6]
	at org.springframework.boot.SpringApplication.run(SpringApplication.java:1301) ~[spring-boot-2.6.6.jar:2.6.6]
	at edu.mns.game.GameApplication.main(GameApplication.java:37) ~[classes/:na]
Caused by: org.springframework.jdbc.datasource.init.ScriptStatementFailedException: Failed to execute SQL script statement #51 of URL [file:/Users/vyphan/Documents/Fil%20Rouge%20-%20MNS%20Game/22-CDA-JAVA-MNSGAME-/target/classes/data-mysql.sql]: INSERT INTO scenario(id, name, description, is_published, creator_id, first_question_id, media_id) VALUES (1, "Général","Lorem Ipsum is simply dummy text of the printing and typesetting industry.Contrary to popular belief, it's not simply random text",false,1,1,null), (2, "Le framework Spring",true,2,3,null), (3, "Creation de site web",false,1,1,null); nested exception is java.sql.SQLException: Column count doesn't match value count at row 2
	at org.springframework.jdbc.datasource.init.ScriptUtils.executeSqlScript(ScriptUtils.java:282) ~[spring-jdbc-5.3.18.jar:5.3.18]
	at org.springframework.jdbc.datasource.init.ResourceDatabasePopulator.populate(ResourceDatabasePopulator.java:254) ~[spring-jdbc-5.3.18.jar:5.3.18]
	at org.springframework.jdbc.datasource.init.DatabasePopulatorUtils.execute(DatabasePopulatorUtils.java:54) ~[spring-jdbc-5.3.18.jar:5.3.18]
	at org.springframework.boot.jdbc.init.DataSourceScriptDatabaseInitializer.runScripts(DataSourceScriptDatabaseInitializer.java:90) ~[spring-boot-2.6.6.jar:2.6.6]
	at org.springframework.boot.sql.init.AbstractScriptDatabaseInitializer.runScripts(AbstractScriptDatabaseInitializer.java:145) ~[spring-boot-2.6.6.jar:2.6.6]
	at org.springframework.boot.sql.init.AbstractScriptDatabaseInitializer.applyScripts(AbstractScriptDatabaseInitializer.java:107) ~[spring-boot-2.6.6.jar:2.6.6]
	at org.springframework.boot.sql.init.AbstractScriptDatabaseInitializer.applyDataScripts(AbstractScriptDatabaseInitializer.java:101) ~[spring-boot-2.6.6.jar:2.6.6]
	at org.springframework.boot.sql.init.AbstractScriptDatabaseInitializer.initializeDatabase(AbstractScriptDatabaseInitializer.java:76) ~[spring-boot-2.6.6.jar:2.6.6]
	at org.springframework.boot.sql.init.AbstractScriptDatabaseInitializer.afterPropertiesSet(AbstractScriptDatabaseInitializer.java:65) ~[spring-boot-2.6.6.jar:2.6.6]
	at org.springframework.beans.factory.support.AbstractAutowireCapableBeanFactory.invokeInitMethods(AbstractAutowireCapableBeanFactory.java:1863) ~[spring-beans-5.3.18.jar:5.3.18]
	at org.springframework.beans.factory.support.AbstractAutowireCapableBeanFactory.initializeBean(AbstractAutowireCapableBeanFactory.java:1800) ~[spring-beans-5.3.18.jar:5.3.18]
	... 16 common frames omitted
Caused by: java.sql.SQLException: Column count doesn't match value count at row 2
	at com.mysql.cj.jdbc.exceptions.SQLError.createSQLException(SQLError.java:129) ~[mysql-connector-java-8.0.28.jar:8.0.28]
	at com.mysql.cj.jdbc.exceptions.SQLExceptionsMapping.translateException(SQLExceptionsMapping.java:122) ~[mysql-connector-java-8.0.28.jar:8.0.28]
	at com.mysql.cj.jdbc.StatementImpl.executeInternal(StatementImpl.java:763) ~[mysql-connector-java-8.0.28.jar:8.0.28]
	at com.mysql.cj.jdbc.StatementImpl.execute(StatementImpl.java:648) ~[mysql-connector-java-8.0.28.jar:8.0.28]
	at com.zaxxer.hikari.pool.ProxyStatement.execute(ProxyStatement.java:94) ~[HikariCP-4.0.3.jar:na]
	at com.zaxxer.hikari.pool.HikariProxyStatement.execute(HikariProxyStatement.java) ~[HikariCP-4.0.3.jar:na]
	at org.springframework.jdbc.datasource.init.ScriptUtils.executeSqlScript(ScriptUtils.java:261) ~[spring-jdbc-5.3.18.jar:5.3.18]
	... 26 common frames omitted

2022-08-31 14:16:53.879  INFO 3033 --- [main] edu.mns.game.GameApplication             : Starting GameApplication using Java 17.0.2 on VMA.local with PID 3033 (/Users/vyphan/Documents/Fil Rouge - MNS Game/22-CDA-JAVA-MNSGAME-/target/classes started by vyphan in /Users/vyphan/Documents/Fil Rouge - MNS Game/22-CDA-JAVA-MNSGAME-)
2022-08-31 14:16:53.884  INFO 3033 --- [main] edu.mns.game.GameApplication             : No active profile set, falling back to 1 default profile: "default"
2022-08-31 14:16:55.185  INFO 3033 --- [main] .s.d.r.c.RepositoryConfigurationDelegate : Bootstrapping Spring Data JPA repositories in DEFAULT mode.
2022-08-31 14:16:55.304  INFO 3033 --- [main] .s.d.r.c.RepositoryConfigurationDelegate : Finished Spring Data repository scanning in 105 ms. Found 8 JPA repository interfaces.
2022-08-31 14:16:56.290  INFO 3033 --- [main] o.s.b.w.embedded.tomcat.TomcatWebServer  : Tomcat initialized with port(s): 8080 (http)
2022-08-31 14:16:56.315  INFO 3033 --- [main] o.apache.catalina.core.StandardService   : Starting service [Tomcat]
2022-08-31 14:16:56.315  INFO 3033 --- [main] org.apache.catalina.core.StandardEngine  : Starting Servlet engine: [Apache Tomcat/9.0.60]
2022-08-31 14:16:56.561  INFO 3033 --- [main] o.a.c.c.C.[Tomcat].[localhost].[/]       : Initializing Spring embedded WebApplicationContext
2022-08-31 14:16:56.562  INFO 3033 --- [main] w.s.c.ServletWebServerApplicationContext : Root WebApplicationContext: initialization completed in 2576 ms
2022-08-31 14:16:56.829  INFO 3033 --- [main] o.hibernate.jpa.internal.util.LogHelper  : HHH000204: Processing PersistenceUnitInfo [name: default]
2022-08-31 14:16:56.922  INFO 3033 --- [main] org.hibernate.Version                    : HHH000412: Hibernate ORM core version 5.6.7.Final
2022-08-31 14:16:57.234  INFO 3033 --- [main] o.hibernate.annotations.common.Version   : HCANN000001: Hibernate Commons Annotations {5.1.2.Final}
2022-08-31 14:16:57.391  INFO 3033 --- [main] com.zaxxer.hikari.HikariDataSource       : HikariPool-1 - Starting...
2022-08-31 14:16:57.876  INFO 3033 --- [main] com.zaxxer.hikari.HikariDataSource       : HikariPool-1 - Start completed.
2022-08-31 14:16:57.914  INFO 3033 --- [main] org.hibernate.dialect.Dialect            : HHH000400: Using dialect: org.hibernate.dialect.MySQL5InnoDBDialect
2022-08-31 14:16:58.514  WARN 3033 --- [main] org.hibernate.mapping.RootClass          : HHH000038: Composite-id class does not override equals(): edu.mns.game.model.KeyPlayerResponses
2022-08-31 14:16:58.514  WARN 3033 --- [main] org.hibernate.mapping.RootClass          : HHH000039: Composite-id class does not override hashCode(): edu.mns.game.model.KeyPlayerResponses
2022-08-31 14:17:01.393  INFO 3033 --- [main] o.h.e.t.j.p.i.JtaPlatformInitiator       : HHH000490: Using JtaPlatform implementation: [org.hibernate.engine.transaction.jta.platform.internal.NoJtaPlatform]
2022-08-31 14:17:01.408  INFO 3033 --- [main] j.LocalContainerEntityManagerFactoryBean : Initialized JPA EntityManagerFactory for persistence unit 'default'
2022-08-31 14:17:02.414  WARN 3033 --- [main] JpaBaseConfiguration$JpaWebConfiguration : spring.jpa.open-in-view is enabled by default. Therefore, database queries may be performed during view rendering. Explicitly configure spring.jpa.open-in-view to disable this warning
2022-08-31 14:17:03.299  INFO 3033 --- [main] o.s.s.web.DefaultSecurityFilterChain     : Will not secure any request
2022-08-31 14:17:03.928  INFO 3033 --- [main] o.s.b.w.embedded.tomcat.TomcatWebServer  : Tomcat started on port(s): 8080 (http) with context path ''
2022-08-31 14:17:03.941  INFO 3033 --- [main] edu.mns.game.GameApplication             : Started GameApplication in 10.87 seconds (JVM running for 11.873)
2022-08-31 14:21:49.618  INFO 3033 --- [http-nio-8080-exec-1] o.apache.coyote.http11.Http11Processor   : Error parsing HTTP request header
 Note: further occurrences of HTTP request parsing errors will be logged at DEBUG level.

java.lang.IllegalArgumentException: Invalid character found in method name [0x160x030x010x020x000x010x000x010xfc0x030x03A0xfa0xfa0x900xb30x01=0xd00x860xebw0xbe0x820xf40x850x130x085KM0x130xf4.@(0x8d0xd1^0x1dq0x1cm ]. HTTP method names must be tokens
	at org.apache.coyote.http11.Http11InputBuffer.parseRequestLine(Http11InputBuffer.java:419) ~[tomcat-embed-core-9.0.60.jar:9.0.60]
	at org.apache.coyote.http11.Http11Processor.service(Http11Processor.java:271) ~[tomcat-embed-core-9.0.60.jar:9.0.60]
	at org.apache.coyote.AbstractProcessorLight.process(AbstractProcessorLight.java:65) ~[tomcat-embed-core-9.0.60.jar:9.0.60]
	at org.apache.coyote.AbstractProtocol$ConnectionHandler.process(AbstractProtocol.java:889) ~[tomcat-embed-core-9.0.60.jar:9.0.60]
	at org.apache.tomcat.util.net.NioEndpoint$SocketProcessor.doRun(NioEndpoint.java:1743) ~[tomcat-embed-core-9.0.60.jar:9.0.60]
	at org.apache.tomcat.util.net.SocketProcessorBase.run(SocketProcessorBase.java:49) ~[tomcat-embed-core-9.0.60.jar:9.0.60]
	at org.apache.tomcat.util.threads.ThreadPoolExecutor.runWorker(ThreadPoolExecutor.java:1191) ~[tomcat-embed-core-9.0.60.jar:9.0.60]
	at org.apache.tomcat.util.threads.ThreadPoolExecutor$Worker.run(ThreadPoolExecutor.java:659) ~[tomcat-embed-core-9.0.60.jar:9.0.60]
	at org.apache.tomcat.util.threads.TaskThread$WrappingRunnable.run(TaskThread.java:61) ~[tomcat-embed-core-9.0.60.jar:9.0.60]
	at java.base/java.lang.Thread.run(Thread.java:833) ~[na:na]

2022-08-31 14:44:02.670  INFO 3033 --- [SpringApplicationShutdownHook] j.LocalContainerEntityManagerFactoryBean : Closing JPA EntityManagerFactory for persistence unit 'default'
2022-08-31 14:44:02.689  INFO 3033 --- [SpringApplicationShutdownHook] com.zaxxer.hikari.HikariDataSource       : HikariPool-1 - Shutdown initiated...
2022-08-31 14:44:02.746  INFO 3033 --- [SpringApplicationShutdownHook] com.zaxxer.hikari.HikariDataSource       : HikariPool-1 - Shutdown completed.
2022-08-31 15:40:20.289  INFO 3588 --- [main] edu.mns.game.UnitTests                   : Starting UnitTests using Java 17.0.2 on VMA.local with PID 3588 (started by vyphan in /Users/vyphan/Documents/Fil Rouge - MNS Game/22-CDA-JAVA-MNSGAME-)
2022-08-31 15:40:20.294  INFO 3588 --- [main] edu.mns.game.UnitTests                   : No active profile set, falling back to 1 default profile: "default"
2022-08-31 15:40:22.085  INFO 3588 --- [main] .s.d.r.c.RepositoryConfigurationDelegate : Bootstrapping Spring Data JPA repositories in DEFAULT mode.
2022-08-31 15:40:22.252  INFO 3588 --- [main] .s.d.r.c.RepositoryConfigurationDelegate : Finished Spring Data repository scanning in 146 ms. Found 8 JPA repository interfaces.
2022-08-31 15:40:23.922  INFO 3588 --- [main] o.s.b.w.embedded.tomcat.TomcatWebServer  : Tomcat initialized with port(s): 0 (http)
2022-08-31 15:40:23.950  INFO 3588 --- [main] o.apache.catalina.core.StandardService   : Starting service [Tomcat]
2022-08-31 15:40:23.951  INFO 3588 --- [main] org.apache.catalina.core.StandardEngine  : Starting Servlet engine: [Apache Tomcat/9.0.60]
2022-08-31 15:40:24.329  INFO 3588 --- [main] o.a.c.c.C.[Tomcat].[localhost].[/]       : Initializing Spring embedded WebApplicationContext
2022-08-31 15:40:24.330  INFO 3588 --- [main] w.s.c.ServletWebServerApplicationContext : Root WebApplicationContext: initialization completed in 3976 ms
2022-08-31 15:40:24.862  INFO 3588 --- [main] o.hibernate.jpa.internal.util.LogHelper  : HHH000204: Processing PersistenceUnitInfo [name: default]
2022-08-31 15:40:25.033  INFO 3588 --- [main] org.hibernate.Version                    : HHH000412: Hibernate ORM core version 5.6.7.Final
2022-08-31 15:40:25.533  INFO 3588 --- [main] o.hibernate.annotations.common.Version   : HCANN000001: Hibernate Commons Annotations {5.1.2.Final}
2022-08-31 15:40:25.868  INFO 3588 --- [main] com.zaxxer.hikari.HikariDataSource       : HikariPool-1 - Starting...
2022-08-31 15:40:26.711  INFO 3588 --- [main] com.zaxxer.hikari.HikariDataSource       : HikariPool-1 - Start completed.
2022-08-31 15:40:26.756  INFO 3588 --- [main] org.hibernate.dialect.Dialect            : HHH000400: Using dialect: org.hibernate.dialect.MySQL5InnoDBDialect
2022-08-31 15:40:27.615  WARN 3588 --- [main] org.hibernate.mapping.RootClass          : HHH000038: Composite-id class does not override equals(): edu.mns.game.model.KeyPlayerResponses
2022-08-31 15:40:27.615  WARN 3588 --- [main] org.hibernate.mapping.RootClass          : HHH000039: Composite-id class does not override hashCode(): edu.mns.game.model.KeyPlayerResponses
2022-08-31 15:40:30.842  INFO 3588 --- [main] o.h.e.t.j.p.i.JtaPlatformInitiator       : HHH000490: Using JtaPlatform implementation: [org.hibernate.engine.transaction.jta.platform.internal.NoJtaPlatform]
2022-08-31 15:40:30.866  INFO 3588 --- [main] j.LocalContainerEntityManagerFactoryBean : Initialized JPA EntityManagerFactory for persistence unit 'default'
2022-08-31 15:40:32.858  WARN 3588 --- [main] JpaBaseConfiguration$JpaWebConfiguration : spring.jpa.open-in-view is enabled by default. Therefore, database queries may be performed during view rendering. Explicitly configure spring.jpa.open-in-view to disable this warning
2022-08-31 15:40:34.422  INFO 3588 --- [main] o.s.s.web.DefaultSecurityFilterChain     : Will not secure any request
2022-08-31 15:40:35.855  INFO 3588 --- [main] o.s.b.w.embedded.tomcat.TomcatWebServer  : Tomcat started on port(s): 53669 (http) with context path ''
2022-08-31 15:40:35.879  INFO 3588 --- [main] edu.mns.game.UnitTests                   : Started UnitTests in 16.4 seconds (JVM running for 19.894)
2022-08-31 15:40:36.411  INFO 3588 --- [main] o.a.c.c.C.[Tomcat].[localhost].[/]       : Initializing Spring TestDispatcherServlet ''
2022-08-31 15:40:36.412  INFO 3588 --- [main] o.s.t.web.servlet.TestDispatcherServlet  : Initializing Servlet ''
2022-08-31 15:40:36.413  INFO 3588 --- [main] o.s.t.web.servlet.TestDispatcherServlet  : Completed initialization in 1 ms
2022-08-31 15:40:36.934  INFO 3588 --- [main] o.a.c.c.C.[Tomcat].[localhost].[/]       : Initializing Spring TestDispatcherServlet ''
2022-08-31 15:40:36.935  INFO 3588 --- [main] o.s.t.web.servlet.TestDispatcherServlet  : Initializing Servlet ''
2022-08-31 15:40:36.938  INFO 3588 --- [main] o.s.t.web.servlet.TestDispatcherServlet  : Completed initialization in 3 ms
2022-08-31 15:40:37.256  INFO 3588 --- [main] o.a.c.c.C.[Tomcat].[localhost].[/]       : Initializing Spring TestDispatcherServlet ''
2022-08-31 15:40:37.257  INFO 3588 --- [main] o.s.t.web.servlet.TestDispatcherServlet  : Initializing Servlet ''
2022-08-31 15:40:37.260  INFO 3588 --- [main] o.s.t.web.servlet.TestDispatcherServlet  : Completed initialization in 2 ms
2022-08-31 15:40:37.466  INFO 3588 --- [main] o.a.c.c.C.[Tomcat].[localhost].[/]       : Initializing Spring TestDispatcherServlet ''
2022-08-31 15:40:37.468  INFO 3588 --- [main] o.s.t.web.servlet.TestDispatcherServlet  : Initializing Servlet ''
2022-08-31 15:40:37.472  INFO 3588 --- [main] o.s.t.web.servlet.TestDispatcherServlet  : Completed initialization in 3 ms
2022-08-31 15:40:37.497  INFO 3588 --- [main] o.a.c.c.C.[Tomcat].[localhost].[/]       : Initializing Spring TestDispatcherServlet ''
2022-08-31 15:40:37.499  INFO 3588 --- [main] o.s.t.web.servlet.TestDispatcherServlet  : Initializing Servlet ''
2022-08-31 15:40:37.506  INFO 3588 --- [main] o.s.t.web.servlet.TestDispatcherServlet  : Completed initialization in 4 ms
2022-08-31 15:40:37.589  INFO 3588 --- [SpringApplicationShutdownHook] j.LocalContainerEntityManagerFactoryBean : Closing JPA EntityManagerFactory for persistence unit 'default'
2022-08-31 15:40:37.592  INFO 3588 --- [SpringApplicationShutdownHook] com.zaxxer.hikari.HikariDataSource       : HikariPool-1 - Shutdown initiated...
2022-08-31 15:40:37.608  INFO 3588 --- [SpringApplicationShutdownHook] com.zaxxer.hikari.HikariDataSource       : HikariPool-1 - Shutdown completed.
2022-08-31 16:13:44.015  INFO 3759 --- [main] edu.mns.game.UnitTests                   : Starting UnitTests using Java 17.0.2 on VMA.local with PID 3759 (started by vyphan in /Users/vyphan/Documents/Fil Rouge - MNS Game/22-CDA-JAVA-MNSGAME-)
2022-08-31 16:13:44.019  INFO 3759 --- [main] edu.mns.game.UnitTests                   : No active profile set, falling back to 1 default profile: "default"
2022-08-31 16:13:46.191  INFO 3759 --- [main] .s.d.r.c.RepositoryConfigurationDelegate : Bootstrapping Spring Data JPA repositories in DEFAULT mode.
2022-08-31 16:13:46.384  INFO 3759 --- [main] .s.d.r.c.RepositoryConfigurationDelegate : Finished Spring Data repository scanning in 167 ms. Found 8 JPA repository interfaces.
2022-08-31 16:13:49.136  INFO 3759 --- [main] o.s.b.w.embedded.tomcat.TomcatWebServer  : Tomcat initialized with port(s): 0 (http)
2022-08-31 16:13:49.184  INFO 3759 --- [main] o.apache.catalina.core.StandardService   : Starting service [Tomcat]
2022-08-31 16:13:49.187  INFO 3759 --- [main] org.apache.catalina.core.StandardEngine  : Starting Servlet engine: [Apache Tomcat/9.0.60]
2022-08-31 16:13:49.640  INFO 3759 --- [main] o.a.c.c.C.[Tomcat].[localhost].[/]       : Initializing Spring embedded WebApplicationContext
2022-08-31 16:13:49.640  INFO 3759 --- [main] w.s.c.ServletWebServerApplicationContext : Root WebApplicationContext: initialization completed in 5565 ms
2022-08-31 16:13:50.323  INFO 3759 --- [main] o.hibernate.jpa.internal.util.LogHelper  : HHH000204: Processing PersistenceUnitInfo [name: default]
2022-08-31 16:13:50.645  INFO 3759 --- [main] org.hibernate.Version                    : HHH000412: Hibernate ORM core version 5.6.7.Final
2022-08-31 16:13:51.649  INFO 3759 --- [main] o.hibernate.annotations.common.Version   : HCANN000001: Hibernate Commons Annotations {5.1.2.Final}
2022-08-31 16:13:52.018  INFO 3759 --- [main] com.zaxxer.hikari.HikariDataSource       : HikariPool-1 - Starting...
2022-08-31 16:13:53.154  INFO 3759 --- [main] com.zaxxer.hikari.HikariDataSource       : HikariPool-1 - Start completed.
2022-08-31 16:13:53.200  INFO 3759 --- [main] org.hibernate.dialect.Dialect            : HHH000400: Using dialect: org.hibernate.dialect.MySQL5InnoDBDialect
2022-08-31 16:13:54.867  WARN 3759 --- [main] org.hibernate.mapping.RootClass          : HHH000038: Composite-id class does not override equals(): edu.mns.game.model.KeyPlayerResponses
2022-08-31 16:13:54.868  WARN 3759 --- [main] org.hibernate.mapping.RootClass          : HHH000039: Composite-id class does not override hashCode(): edu.mns.game.model.KeyPlayerResponses
2022-08-31 16:13:59.156  INFO 3759 --- [main] o.h.e.t.j.p.i.JtaPlatformInitiator       : HHH000490: Using JtaPlatform implementation: [org.hibernate.engine.transaction.jta.platform.internal.NoJtaPlatform]
2022-08-31 16:13:59.193  INFO 3759 --- [main] j.LocalContainerEntityManagerFactoryBean : Initialized JPA EntityManagerFactory for persistence unit 'default'
2022-08-31 16:14:00.821  WARN 3759 --- [main] JpaBaseConfiguration$JpaWebConfiguration : spring.jpa.open-in-view is enabled by default. Therefore, database queries may be performed during view rendering. Explicitly configure spring.jpa.open-in-view to disable this warning
2022-08-31 16:14:02.417  INFO 3759 --- [main] o.s.s.web.DefaultSecurityFilterChain     : Will not secure any request
2022-08-31 16:14:03.883  INFO 3759 --- [main] o.s.b.w.embedded.tomcat.TomcatWebServer  : Tomcat started on port(s): 53879 (http) with context path ''
2022-08-31 16:14:03.905  INFO 3759 --- [main] edu.mns.game.UnitTests                   : Started UnitTests in 20.639 seconds (JVM running for 25.296)
2022-08-31 16:14:04.432  INFO 3759 --- [main] o.a.c.c.C.[Tomcat].[localhost].[/]       : Initializing Spring TestDispatcherServlet ''
2022-08-31 16:14:04.433  INFO 3759 --- [main] o.s.t.web.servlet.TestDispatcherServlet  : Initializing Servlet ''
2022-08-31 16:14:04.435  INFO 3759 --- [main] o.s.t.web.servlet.TestDispatcherServlet  : Completed initialization in 2 ms
2022-08-31 16:14:04.953  INFO 3759 --- [main] o.a.c.c.C.[Tomcat].[localhost].[/]       : Initializing Spring TestDispatcherServlet ''
2022-08-31 16:14:04.953  INFO 3759 --- [main] o.s.t.web.servlet.TestDispatcherServlet  : Initializing Servlet ''
2022-08-31 16:14:04.955  INFO 3759 --- [main] o.s.t.web.servlet.TestDispatcherServlet  : Completed initialization in 1 ms
2022-08-31 16:14:05.277  INFO 3759 --- [main] o.a.c.c.C.[Tomcat].[localhost].[/]       : Initializing Spring TestDispatcherServlet ''
2022-08-31 16:14:05.278  INFO 3759 --- [main] o.s.t.web.servlet.TestDispatcherServlet  : Initializing Servlet ''
2022-08-31 16:14:05.280  INFO 3759 --- [main] o.s.t.web.servlet.TestDispatcherServlet  : Completed initialization in 2 ms
2022-08-31 16:14:05.465  INFO 3759 --- [main] o.a.c.c.C.[Tomcat].[localhost].[/]       : Initializing Spring TestDispatcherServlet ''
2022-08-31 16:14:05.465  INFO 3759 --- [main] o.s.t.web.servlet.TestDispatcherServlet  : Initializing Servlet ''
2022-08-31 16:14:05.467  INFO 3759 --- [main] o.s.t.web.servlet.TestDispatcherServlet  : Completed initialization in 1 ms
2022-08-31 16:14:05.487  INFO 3759 --- [main] o.a.c.c.C.[Tomcat].[localhost].[/]       : Initializing Spring TestDispatcherServlet ''
2022-08-31 16:14:05.487  INFO 3759 --- [main] o.s.t.web.servlet.TestDispatcherServlet  : Initializing Servlet ''
2022-08-31 16:14:05.491  INFO 3759 --- [main] o.s.t.web.servlet.TestDispatcherServlet  : Completed initialization in 3 ms
2022-08-31 16:14:05.584  INFO 3759 --- [SpringApplicationShutdownHook] j.LocalContainerEntityManagerFactoryBean : Closing JPA EntityManagerFactory for persistence unit 'default'
2022-08-31 16:14:05.587  INFO 3759 --- [SpringApplicationShutdownHook] com.zaxxer.hikari.HikariDataSource       : HikariPool-1 - Shutdown initiated...
2022-08-31 16:14:05.606  INFO 3759 --- [SpringApplicationShutdownHook] com.zaxxer.hikari.HikariDataSource       : HikariPool-1 - Shutdown completed.
